app/seeds.txt
com.example.administrator.igoushop_app_test.fragment.HomeFragment: com.example.administrator.igoushop_app_test.widget.CustomGridView gridViewButton
com.example.administrator.igoushop_app_test.adapter.CartAdapter$1
com.example.administrator.igoushop_app_test.R$styleable: int MenuItem_actionProviderClass
com.example.administrator.igoushop_app_test.widget.CustomProgressDialog: java.lang.String oldLoadingTip
com.example.administrator.igoushop_app_test.widget.FragmentTabHost: void addTab(android.widget.TabHost$TabSpec,java.lang.Class,android.os.Bundle)
com.example.administrator.igoushop_app_test.adapter.ProductsAdapter: ProductsAdapter(android.content.Context,int)
com.example.administrator.igoushop_app_test.activity.LoginActivity: com.example.administrator.igoushop_app_test.http.OKManager access$302(com.example.administrator.igoushop_app_test.activity.LoginActivity,com.example.administrator.igoushop_app_test.http.OKManager)
com.example.administrator.igoushop_app_test.R$styleable: int SwitchCompat_android_textOn
com.example.administrator.igoushop_app_test.widget.CustomToolBar: android.view.LayoutInflater mInflater
com.example.administrator.igoushop_app_test.fragment.BrandsFragment$1: void onTabSelected(android.support.design.widget.TabLayout$Tab)
com.example.administrator.igoushop_app_test.R$styleable: int CompoundButton_android_button
com.example.administrator.igoushop_app_test.R$styleable: int AppCompatTheme_buttonStyleSmall
com.example.administrator.igoushop_app_test.tools.Hot_Tab$2: Hot_Tab$2(com.example.administrator.igoushop_app_test.tools.Hot_Tab)
com.example.administrator.igoushop_app_test.adapter.BaseAdapter: void clear()
com.example.administrator.igoushop_app_test.fragment.WareDetailFragment.WareDetailInfo$MyReceiver: WareDetailInfo$MyReceiver(com.example.administrator.igoushop_app_test.fragment.WareDetailFragment.WareDetailInfo)
com.example.administrator.igoushop_app_test.widget.FragmentTabHost$SavedState$1: java.lang.Object createFromParcel(android.os.Parcel)
com.example.administrator.igoushop_app_test.widget.DBHelperUtils$DatabaseHelper: void onCreate(android.database.sqlite.SQLiteDatabase)
com.example.administrator.igoushop_app_test.adapter.HomeButtonAdapter: java.lang.Object getItem(int)
com.example.administrator.igoushop_app_test.R$styleable: int AppCompatTheme_actionModeCloseDrawable
com.example.administrator.igoushop_app_test.fragment.ClassifyFragment: int access$302(com.example.administrator.igoushop_app_test.fragment.ClassifyFragment,int)
com.example.administrator.igoushop_app_test.MainActivity$1$2: com.example.administrator.igoushop_app_test.MainActivity$1 this$1
com.example.administrator.igoushop_app_test.R$styleable: int PagerIndicator_unselected_color
com.example.administrator.igoushop_app_test.fragment.WareDetailFragment.WareDetailInfo: com.daimajia.slider.library.SliderTypes.TextSliderView textSliderView
com.example.administrator.igoushop_app_test.fragment.BrandsFragment$1: com.example.administrator.igoushop_app_test.fragment.BrandsFragment this$0
com.example.administrator.igoushop_app_test.fragment.ClassifyFragment: void access$000(com.example.administrator.igoushop_app_test.fragment.ClassifyFragment,java.util.List)
com.example.administrator.igoushop_app_test.R$styleable: int AppCompatTheme_actionModePopupWindowStyle
com.example.administrator.igoushop_app_test.widget.FragmentTabHost$SavedState$1
com.example.administrator.igoushop_app_test.R$styleable: int AppCompatTheme_dividerVertical
com.example.administrator.igoushop_app_test.adapter.AddressAdapter: void convert(com.example.administrator.igoushop_app_test.adapter.BaseViewHolder,java.lang.Object)
com.example.administrator.igoushop_app_test.activity.message_activity.SettingActivity: android.widget.Button Logout
com.example.administrator.igoushop_app_test.R$styleable: int ActionBar_logo
com.example.administrator.igoushop_app_test.widget.CustomProgressDialog: void setContent(java.lang.String)
...
android.support.graphics.drawable.VectorDrawableCompat
android.support.v4.view.accessibility.AccessibilityNodeInfoCompat$AccessibilityNodeInfoApi22Impl: java.lang.Object getTraversalBefore(java.lang.Object)
android.support.v4.view.accessibility.AccessibilityNodeInfoCompat$AccessibilityNodeInfoJellybeanMr1Impl: AccessibilityNodeInfoCompat$AccessibilityNodeInfoJellybeanMr1Impl()
android.support.v4.view.ViewPager: boolean canScrollHorizontally(int)
android.support.v4.view.accessibility.AccessibilityRecordCompatIcs: java.lang.CharSequence getContentDescription(java.lang.Object)
android.support.v7.app.TwilightManager: android.location.Location getLastKnownLocationForProvider(java.lang.String)
android.support.v4.util.Pools$SimplePool: Pools$SimplePool(int)
android.support.v4.app.BackStackRecord
android.support.v7.widget.ActivityChooserView$1
android.support.design.widget.TabLayout: void addView(android.view.View,android.view.ViewGroup$LayoutParams)
android.support.design.R$styleable: int ForegroundLinearLayout_foregroundInsidePadding
android.support.v7.app.NotificationCompat$LollipopExtender: NotificationCompat$LollipopExtender()
android.support.v4.widget.AutoScrollHelper$ClampedScroller: long mStartTime
android.support.v7.widget.PositionMap$ContainerHelpers: long[] EMPTY_LONGS
android.support.v4.view.accessibility.AccessibilityRecordCompat$AccessibilityRecordIcsImpl: boolean isChecked(java.lang.Object)
android.support.v4.app.DialogFragment: android.app.Dialog onCreateDialog(android.os.Bundle)
android.support.v7.widget.OrientationHelper$2: int getEndPadding()
android.support.v4.media.MediaMetadataCompat$Builder: android.support.v4.media.MediaMetadataCompat build()
android.support.design.widget.FloatingActionButtonLollipop: android.animation.Animator setupAnimator(android.animation.Animator)
android.support.design.widget.TextInputLayout: void addIndicator(android.widget.TextView,int)
android.support.design.internal.NavigationMenuPresenter$NavigationMenuAdapter: android.support.v7.view.menu.MenuItemImpl mCheckedItem
android.support.v4.app.LoaderManagerImpl: android.support.v4.app.LoaderManagerImpl$LoaderInfo createLoader(int,android.os.Bundle,android.support.v4.app.LoaderManager$LoaderCallbacks)
android.support.v4.view.ViewCompat: int SCROLL_INDICATOR_TOP
android.support.v4.os.ResultReceiver: android.support.v4.os.IResultReceiver mReceiver
android.support.v4.app.FragmentHostCallback
android.support.design.widget.CollapsingToolbarLayout: boolean checkLayoutParams(android.view.ViewGroup$LayoutParams)
android.support.v7.view.menu.MenuItemImpl: android.support.v4.internal.view.SupportMenuItem setSupportOnActionExpandListener(android.support.v4.view.MenuItemCompat$OnActionExpandListener)
android.support.v4.view.accessibility.AccessibilityNodeInfoCompat$AccessibilityNodeInfoStubImpl: int getCollectionItemColumnIndex(java.lang.Object)
android.support.v7.widget.AbsActionBarView: android.support.v4.view.ViewPropertyAnimatorCompat mVisibilityAnim
android.support.v4.text.TextUtilsCompat: android.support.v4.text.TextUtilsCompat$TextUtilsCompatImpl IMPL
android.support.v4.content.LocalBroadcastManager$1: void handleMessage(android.os.Message)
android.support.v7.appcompat.R$attr: int listPreferredItemHeight
android.support.v4.media.session.MediaSessionCompat: void setPlaybackToRemote(android.support.v4.media.VolumeProviderCompat)
android.support.design.internal.ForegroundLinearLayout: void onSizeChanged(int,int,int,int)
android.support.v4.app.ListFragment: ListFragment()
android.support.v7.widget.ScrollingTabContainerView$1: android.view.View val$tabView
android.support.v4.view.accessibility.AccessibilityNodeInfoCompat: java.lang.String getActionSymbolicName(int)
android.support.v7.graphics.drawable.DrawableWrapper: int getMinimumHeight()
android.support.design.R$attr: int navigationMode
android.support.v4.view.animation.PathInterpolatorDonut: PathInterpolatorDonut(android.graphics.Path)