app/mapping.txt
# compiler: R8
# compiler_version: 1.4.94
# min_api: 21
com.example.administrator.igoushop_app_test.R$styleable -> com.example.administrator.igoushop_app_test.a:
com.example.administrator.igoushop_app_test.activity.HomeClickActivity$3 -> com.example.administrator.igoushop_app_test.activity.a:
    com.example.administrator.igoushop_app_test.activity.HomeClickActivity this$0 -> a
    void onResponse(java.lang.String) -> a
com.example.administrator.igoushop_app_test.activity.HomeClickActivity$4 -> com.example.administrator.igoushop_app_test.activity.b:
    com.example.administrator.igoushop_app_test.activity.HomeClickActivity this$0 -> a
    void onResponse(org.json.JSONObject) -> a
com.example.administrator.igoushop_app_test.activity.HomeClickActivity$5 -> com.example.administrator.igoushop_app_test.activity.c:
    com.example.administrator.igoushop_app_test.activity.HomeClickActivity this$0 -> a
    void toBuy(int) -> a
com.example.administrator.igoushop_app_test.activity.LoginActivity$4$1 -> com.example.administrator.igoushop_app_test.activity.e:
    com.example.administrator.igoushop_app_test.activity.LoginActivity$4 this$1 -> c
    java.lang.String val$name -> a
    java.lang.String val$pass -> b
com.example.administrator.igoushop_app_test.activity.LoginActivity$4$1$1 -> com.example.administrator.igoushop_app_test.activity.d:
    com.example.administrator.igoushop_app_test.activity.LoginActivity$4$1 this$2 -> a
    void onResponse(org.json.JSONObject) -> a
com.example.administrator.igoushop_app_test.activity.OrderActivity$2 -> com.example.administrator.igoushop_app_test.activity.f:
    com.example.administrator.igoushop_app_test.activity.OrderActivity this$0 -> a
    void onButtonAddClick(android.view.View,int) -> a
    void onButtonSubClick(android.view.View,int) -> b
com.example.administrator.igoushop_app_test.activity.OrderActivity$5$1 -> com.example.administrator.igoushop_app_test.activity.h:
    com.example.administrator.igoushop_app_test.activity.OrderActivity$5 this$1 -> a
com.example.administrator.igoushop_app_test.activity.OrderActivity$5$1$1 -> com.example.administrator.igoushop_app_test.activity.g:
    com.example.administrator.igoushop_app_test.activity.OrderActivity$5$1 this$2 -> a
    void onResponse(org.json.JSONObject) -> a
com.example.administrator.igoushop_app_test.activity.OrderActivity$6 -> com.example.administrator.igoushop_app_test.activity.i:
    com.example.administrator.igoushop_app_test.activity.OrderActivity this$0 -> a
    void onResponse(org.json.JSONObject) -> a
com.example.administrator.igoushop_app_test.activity.ProductDetailActivity$1 -> com.example.administrator.igoushop_app_test.activity.k:
    com.example.administrator.igoushop_app_test.activity.ProductDetailActivity this$0 -> a
com.example.administrator.igoushop_app_test.activity.ProductDetailActivity$1$1 -> com.example.administrator.igoushop_app_test.activity.j:
    com.example.administrator.igoushop_app_test.activity.ProductDetailActivity$1 this$1 -> a
    void onResponse(org.json.JSONObject) -> a
com.example.administrator.igoushop_app_test.activity.ProductDetailActivity$3 -> com.example.administrator.igoushop_app_test.activity.l:
    com.example.administrator.igoushop_app_test.activity.ProductDetailActivity this$0 -> a
    void get(com.example.administrator.igoushop_app_test.pojos.FEMOrder) -> a
com.example.administrator.igoushop_app_test.activity.ProductListActivity$2 -> com.example.administrator.igoushop_app_test.activity.n:
    java.util.Map val$map -> a
    com.example.administrator.igoushop_app_test.activity.ProductListActivity this$0 -> b
com.example.administrator.igoushop_app_test.activity.ProductListActivity$2$1 -> com.example.administrator.igoushop_app_test.activity.m:
    com.example.administrator.igoushop_app_test.activity.ProductListActivity$2 this$1 -> a
    void onResponse(org.json.JSONObject) -> a
...
com.nineoldandroids.animation.PreHoneycombCompat$10 -> com.nineoldandroids.animation.i:
    java.lang.Float get(android.view.View) -> a
    java.lang.Object get(java.lang.Object) -> a
    void setValue(android.view.View,float) -> a
    void setValue(java.lang.Object,float) -> a
com.nineoldandroids.animation.PreHoneycombCompat$11 -> com.nineoldandroids.animation.j:
    java.lang.Integer get(android.view.View) -> a
    java.lang.Object get(java.lang.Object) -> a
    void setValue(android.view.View,int) -> a
    void setValue(java.lang.Object,int) -> a
com.nineoldandroids.animation.PreHoneycombCompat$12 -> com.nineoldandroids.animation.k:
    java.lang.Integer get(android.view.View) -> a
    java.lang.Object get(java.lang.Object) -> a
    void setValue(android.view.View,int) -> a
    void setValue(java.lang.Object,int) -> a
com.nineoldandroids.animation.PreHoneycombCompat$13 -> com.nineoldandroids.animation.l:
    java.lang.Float get(android.view.View) -> a
    java.lang.Object get(java.lang.Object) -> a
    void setValue(android.view.View,float) -> a
    void setValue(java.lang.Object,float) -> a
com.nineoldandroids.animation.PreHoneycombCompat$14 -> com.nineoldandroids.animation.m:
    java.lang.Float get(android.view.View) -> a
    java.lang.Object get(java.lang.Object) -> a
    void setValue(android.view.View,float) -> a
    void setValue(java.lang.Object,float) -> a
com.nineoldandroids.animation.PreHoneycombCompat$2 -> com.nineoldandroids.animation.o:
    java.lang.Float get(android.view.View) -> a
    java.lang.Object get(java.lang.Object) -> a
    void setValue(android.view.View,float) -> a
    void setValue(java.lang.Object,float) -> a
com.nineoldandroids.animation.PreHoneycombCompat$3 -> com.nineoldandroids.animation.p:
    java.lang.Float get(android.view.View) -> a
    java.lang.Object get(java.lang.Object) -> a
    void setValue(android.view.View,float) -> a
    void setValue(java.lang.Object,float) -> a
com.nineoldandroids.animation.PreHoneycombCompat$4 -> com.nineoldandroids.animation.q:
    java.lang.Float get(android.view.View) -> a
    java.lang.Object get(java.lang.Object) -> a
    void setValue(android.view.View,float) -> a
    void setValue(java.lang.Object,float) -> a
com.nineoldandroids.animation.PreHoneycombCompat$5 -> com.nineoldandroids.animation.r:
    java.lang.Float get(android.view.View) -> a
    java.lang.Object get(java.lang.Object) -> a
    void setValue(android.view.View,float) -> a
    void setValue(java.lang.Object,float) -> a
com.nineoldandroids.animation.PreHoneycombCompat$6 -> com.nineoldandroids.animation.s:
    java.lang.Float get(android.view.View) -> a
    java.lang.Object get(java.lang.Object) -> a
    void setValue(android.view.View,float) -> a
    void setValue(java.lang.Object,float) -> a
com.nineoldandroids.animation.PreHoneycombCompat$7 -> com.nineoldandroids.animation.t:
    java.lang.Float get(android.view.View) -> a
    java.lang.Object get(java.lang.Object) -> a
    void setValue(android.view.View,float) -> a
    void setValue(java.lang.Object,float) -> a
com.nineoldandroids.animation.PreHoneycombCompat$8 -> com.nineoldandroids.animation.u:
    java.lang.Float get(android.view.View) -> a
    java.lang.Object get(java.lang.Object) -> a
    void setValue(android.view.View,float) -> a
    void setValue(java.lang.Object,float) -> a
com.nineoldandroids.animation.PreHoneycombCompat$9 -> com.nineoldandroids.animation.v:
    java.lang.Float get(android.view.View) -> a
    java.lang.Object get(java.lang.Object) -> a
    void setValue(android.view.View,float) -> a
    void setValue(java.lang.Object,float) -> a