app/unused.txt
com.example.administrator.igoushop_app_test.R$dimen
com.example.administrator.igoushop_app_test.http.OKManager$2
com.example.administrator.igoushop_app_test.http.OKManager$Func2
com.example.administrator.igoushop_app_test.R$drawable
com.example.administrator.igoushop_app_test.pojos.Brand
    public void setId(java.lang.Integer)
    public void setName(java.lang.String)
    public void setImgUrl(java.lang.String)
    public int getIsbig()
    public void setIsbig(int)
    public void setProducts(java.util.Set)
    private int isbig
com.example.administrator.igoushop_app_test.R$string
com.example.administrator.igoushop_app_test.pojos.Attribute
    public void <init>()
    public java.lang.Integer getId()
    public void setId(java.lang.Integer)
    public java.lang.String getMaterial()
    public void setMaterial(java.lang.String)
    public java.lang.String getStyle()
    public void setStyle(java.lang.String)
    public java.lang.String getUserObject()
    public void setUserObject(java.lang.String)
    public void setSeason(java.lang.String)
    public void setDescrible(java.lang.String)
    public java.lang.String getCupModel()
    public void setCupModel(java.lang.String)
    public java.lang.String getScreenSize()
    public void setScreenSize(java.lang.String)
    public java.lang.String getOperatingSystem()
    public void setOperatingSystem(java.lang.String)
    public java.lang.String getMemory()
    public void setMemory(java.lang.String)
    public java.lang.String getScreenResolution()
    public void setScreenResolution(java.lang.String)
    public java.lang.String getAdditional()
    public void setAdditional(java.lang.String)
    private java.lang.Integer id
    private java.lang.String material
    private java.lang.String style
    private java.lang.String userObject
    private java.lang.String season
    private java.lang.String describle
    private java.lang.String cupModel
    private java.lang.String screenSize
    private java.lang.String operatingSystem
    private java.lang.String memory
com.example.administrator.igoushop_app_test.widget.DBHelperUtils
    public boolean updateUserInfo(com.example.administrator.igoushop_app_test.pojos.UserInfo)
    private static final java.lang.String TAG
    private static final java.lang.String DATABASE_NAME
    private static final int DATABASE_VERSION
    private static final java.lang.String DATABASE_TABLE
    public static final java.lang.String KEY_NAME
    public static final java.lang.String KEY_PWD
    public static final java.lang.String KEY_PHONE
    public static final java.lang.String KEY_HAND_IMG
    public static final java.lang.String KEY_ROWID
    private static final java.lang.String CREATE_STUDENT_TABLE
com.example.administrator.igoushop_app_test.R$array
com.example.administrator.igoushop_app_test.pojos.Color
    public int getNum()
    public void setNum(int)
    public com.example.administrator.igoushop_app_test.pojos.Size getSize()
    public void setSize(com.example.administrator.igoushop_app_test.pojos.Size)
    public java.lang.Integer getId()
    public void setId(java.lang.Integer)
    public void setName(java.lang.String)
    public int isState()
    public void setState(int)
    private java.lang.Integer id
    private int state
    private int num
    private com.example.administrator.igoushop_app_test.pojos.Size size
com.example.administrator.igoushop_app_test.pojos.ProductClassify
    public java.lang.String getTextColor()
    public void setTextColor(java.lang.String)
    public java.lang.Integer getId()
    public void setId(java.lang.Integer)
    public java.lang.String getTitle()
    public void setTitle(java.lang.String)
    private java.lang.Integer id
    private java.lang.String title
    private java.lang.String textColor
com.example.administrator.igoushop_app_test.R$bool
com.example.administrator.igoushop_app_test.R$color
...
com.lidroid.xutils.exception.DbException
android.support.annotation.NonNull
org.codehaus.jackson.map.introspect.AnnotatedWithParams
    public final org.codehaus.jackson.map.introspect.AnnotationMap getParameterAnnotations(int)
    public abstract int getParameterCount()
    public abstract java.lang.Class getParameterClass(int)
    public final org.codehaus.jackson.type.JavaType resolveParameterType(int,org.codehaus.jackson.map.type.TypeBindings)
    public final int getAnnotationCount()
com.lidroid.xutils.http.client.HttpRequest$HttpMethod
com.lidroid.xutils.view.annotation.event.OnStopTrackingTouch
com.daimajia.slider.library.R$string
bolts.WebViewAppLinkResolver$2
    void <init>(bolts.WebViewAppLinkResolver,bolts.Capture,android.net.Uri,bolts.Capture)
    public bolts.Task then(bolts.Task)
    public synthetic bridge java.lang.Object then(bolts.Task)
    final synthetic bolts.Capture val$contentType
    final synthetic android.net.Uri val$url
    final synthetic bolts.Capture val$content
    final synthetic bolts.WebViewAppLinkResolver this$0
com.cjj.R$color
android.support.graphics.drawable.VectorDrawableCompat$VGroup
    public float getRotation()
    public void setRotation(float)
    public float getPivotX()
    public void setPivotX(float)
    public float getPivotY()
    public void setPivotY(float)
    public float getScaleX()
    public void setScaleX(float)
    public float getScaleY()
    public void setScaleY(float)
    public float getTranslateX()
    public void setTranslateX(float)
    public float getTranslateY()
    public void setTranslateY(float)
org.codehaus.jackson.map.ser.BeanSerializerBuilder
com.nineoldandroids.animation.Keyframe
    public static com.nineoldandroids.animation.Keyframe ofObject(float,java.lang.Object)
    public static com.nineoldandroids.animation.Keyframe ofObject(float)
    public void setFraction(float)
    public java.lang.Class getType()
com.facebook.common.memory.NoOpMemoryTrimmableRegistry
    public void unregisterMemoryTrimmable(com.facebook.common.memory.MemoryTrimmable)
okhttp3.OkHttpClient
    synthetic void <init>(okhttp3.OkHttpClient$Builder,okhttp3.OkHttpClient$1)
    public okhttp3.Cache cache()
    public okhttp3.OkHttpClient$Builder newBuilder()
com.google.gson.internal.LinkedHashTreeMap$Node
org.codehaus.jackson.map.introspect.Annotated
    public abstract org.codehaus.jackson.map.introspect.Annotated withAnnotations(org.codehaus.jackson.map.introspect.AnnotationMap)
    public final org.codehaus.jackson.map.introspect.Annotated withFallBackAnnotationsFrom(org.codehaus.jackson.map.introspect.Annotated)
    protected abstract int getModifiers()
    public final boolean isPublic()
    public org.codehaus.jackson.type.JavaType getType(org.codehaus.jackson.map.type.TypeBindings)
    protected abstract org.codehaus.jackson.map.introspect.AnnotationMap getAllAnnotations()
org.codehaus.jackson.annotate.JsonRawValue
org.codehaus.jackson.impl.DefaultPrettyPrinter
com.google.gson.JsonSerializationContext
    public abstract com.google.gson.JsonElement serialize(java.lang.Object)
    public abstract com.google.gson.JsonElement serialize(java.lang.Object,java.lang.reflect.Type)
org.codehaus.jackson.map.jsontype.impl.AsWrapperTypeSerializer
com.nineoldandroids.animation.KeyframeSet
    public static varargs com.nineoldandroids.animation.KeyframeSet ofKeyframe(com.nineoldandroids.animation.Keyframe[])
    public static varargs com.nineoldandroids.animation.KeyframeSet ofObject(java.lang.Object[])
    public synthetic bridge java.lang.Object clone()